0 info it worked if it ends with ok
1 verbose cli [ 'C:\\nodejs\\node.exe',
1 verbose cli   'C:\\nodejs\\node_modules\\npm\\bin\\npm-cli.js',
1 verbose cli   'run',
1 verbose cli   'deploy' ]
2 info using npm@2.15.1
3 info using node@v4.4.3
4 verbose run-script [ 'predeploy', 'deploy', 'postdeploy' ]
5 info predeploy webpack-demo@1.0.0
6 info deploy webpack-demo@1.0.0
7 verbose unsafe-perm in lifecycle true
8 info webpack-demo@1.0.0 Failed to exec deploy script
9 verbose stack Error: webpack-demo@1.0.0 deploy: `gh-pages -d build`
9 verbose stack Exit status 1
9 verbose stack     at EventEmitter.<anonymous> (C:\nodejs\node_modules\npm\lib\utils\lifecycle.js:217:16)
9 verbose stack     at emitTwo (events.js:87:13)
9 verbose stack     at EventEmitter.emit (events.js:172:7)
9 verbose stack     at ChildProcess.<anonymous> (C:\nodejs\node_modules\npm\lib\utils\spawn.js:24:14)
9 verbose stack     at emitTwo (events.js:87:13)
9 verbose stack     at ChildProcess.emit (events.js:172:7)
9 verbose stack     at maybeClose (internal/child_process.js:827:16)
9 verbose stack     at Process.ChildProcess._handle.onexit (internal/child_process.js:211:5)
10 verbose pkgid webpack-demo@1.0.0
11 verbose cwd C:\Users\makedonski\Desktop\FullStack\01\webpack-demo
12 error Windows_NT 6.1.7601
13 error argv "C:\\nodejs\\node.exe" "C:\\nodejs\\node_modules\\npm\\bin\\npm-cli.js" "run" "deploy"
14 error node v4.4.3
15 error npm  v2.15.1
16 error code ELIFECYCLE
17 error webpack-demo@1.0.0 deploy: `gh-pages -d build`
17 error Exit status 1
18 error Failed at the webpack-demo@1.0.0 deploy script 'gh-pages -d build'.
18 error This is most likely a problem with the webpack-demo package,
18 error not with npm itself.
18 error Tell the author that this fails on your system:
18 error     gh-pages -d build
18 error You can get information on how to open an issue for this project with:
18 error     npm bugs webpack-demo
18 error Or if that isn't available, you can get their info via:
18 error
18 error     npm owner ls webpack-demo
18 error There is likely additional logging output above.
19 verbose exit [ 1, true ]
